# JRE version: OpenJDK Runtime Environment (8.0_202-b03) (build 1.8.0_202-release-1483-b03)
# Java VM: OpenJDK 64-Bit Server VM (25.202-b03 mixed mode windows-amd64 compressed oops)
Heap:
 PSYoungGen      total 389120K, used 266440K [0x00000000e0000000, 0x00000000ff100000, 0x0000000100000000)
  eden space 279552K, 78% used [0x00000000e0000000,0x00000000ed567ad0,0x00000000f1100000)
  from space 109568K, 43% used [0x00000000f8600000,0x00000000fb4ca918,0x00000000ff100000)
  to   space 114688K, 0% used [0x00000000f1100000,0x00000000f1100000,0x00000000f8100000)
 ParOldGen       total 384000K, used 317178K [0x00000000a0000000, 0x00000000b7700000, 0x00000000e0000000)
  object space 384000K, 82% used [0x00000000a0000000,0x00000000b35beb80,0x00000000b7700000)
 Metaspace       used 315847K, capacity 331130K, committed 331352K, reserved 1337344K
  class space    used 40513K, capacity 43543K, committed 43648K, reserved 1048576K
GC Heap History (10 events):
Event: 9074.232 GC heap before
{Heap before GC invocations=73 (full 9):
 PSYoungGen      total 382976K, used 265317K [0x00000000e0000000, 0x0000000100000000, 0x0000000100000000)
  eden space 254976K, 99% used [0x00000000e0000000,0x00000000ef8e96e0,0x00000000ef900000)
  from space 128000K, 8% used [0x00000000ef900000,0x00000000f0330020,0x00000000f7600000)
  to   space 129024K, 0% used [0x00000000f8200000,0x00000000f8200000,0x0000000100000000)
 ParOldGen       total 384000K, used 199907K [0x00000000a0000000, 0x00000000b7700000, 0x00000000e0000000)
  object space 384000K, 52% used [0x00000000a0000000,0x00000000ac338de0,0x00000000b7700000)
 Metaspace       used 285262K, capacity 298748K, committed 298968K, reserved 1308672K
  class space    used 36609K, capacity 39304K, committed 39424K, reserved 1048576K
Event: 9074.349 GC heap after
Heap after GC invocations=73 (full 9):
 PSYoungGen      total 382976K, used 48190K [0x00000000e0000000, 0x00000000ff300000, 0x0000000100000000)
  eden space 267264K, 0% used [0x00000000e0000000,0x00000000e0000000,0x00000000f0500000)
  from space 115712K, 41% used [0x00000000f8200000,0x00000000fb10f8a8,0x00000000ff300000)
  to   space 121856K, 0% used [0x00000000f0500000,0x00000000f0500000,0x00000000f7c00000)
 ParOldGen       total 384000K, used 209382K [0x00000000a0000000, 0x00000000b7700000, 0x00000000e0000000)
  object space 384000K, 54% used [0x00000000a0000000,0x00000000acc798a8,0x00000000b7700000)
 Metaspace       used 285262K, capacity 298748K, committed 298968K, reserved 1308672K
  class space    used 36609K, capacity 39304K, committed 39424K, reserved 1048576K
}
Event: 9079.061 GC heap before
{Heap before GC invocations=74 (full 9):
 PSYoungGen      total 382976K, used 315454K [0x00000000e0000000, 0x00000000ff300000, 0x0000000100000000)
  eden space 267264K, 100% used [0x00000000e0000000,0x00000000f0500000,0x00000000f0500000)
  from space 115712K, 41% used [0x00000000f8200000,0x00000000fb10f8a8,0x00000000ff300000)
  to   space 121856K, 0% used [0x00000000f0500000,0x00000000f0500000,0x00000000f7c00000)
 ParOldGen       total 384000K, used 209382K [0x00000000a0000000, 0x00000000b7700000, 0x00000000e0000000)
  object space 384000K, 54% used [0x00000000a0000000,0x00000000acc798a8,0x00000000b7700000)
 Metaspace       used 296312K, capacity 310478K, committed 310744K, reserved 1318912K
  class space    used 38009K, capacity 40827K, committed 40960K, reserved 1048576K
Event: 9079.678 GC heap after
Heap after GC invocations=74 (full 9):
 PSYoungGen      total 389120K, used 82476K [0x00000000e0000000, 0x0000000100000000, 0x0000000100000000)
  eden space 267264K, 0% used [0x00000000e0000000,0x00000000e0000000,0x00000000f0500000)
  from space 121856K, 67% used [0x00000000f0500000,0x00000000f558b040,0x00000000f7c00000)
  to   space 126464K, 0% used [0x00000000f8480000,0x00000000f8480000,0x0000000100000000)
 ParOldGen       total 384000K, used 243664K [0x00000000a0000000, 0x00000000b7700000, 0x00000000e0000000)
  object space 384000K, 63% used [0x00000000a0000000,0x00000000aedf4390,0x00000000b7700000)
 Metaspace       used 296312K, capacity 310478K, committed 310744K, reserved 1318912K
  class space    used 38009K, capacity 40827K, committed 40960K, reserved 1048576K
}
Event: 9080.898 GC heap before
{Heap before GC invocations=75 (full 9):
 PSYoungGen      total 389120K, used 349740K [0x00000000e0000000, 0x0000000100000000, 0x0000000100000000)
  eden space 267264K, 100% used [0x00000000e0000000,0x00000000f0500000,0x00000000f0500000)
  from space 121856K, 67% used [0x00000000f0500000,0x00000000f558b040,0x00000000f7c00000)
  to   space 126464K, 0% used [0x00000000f8480000,0x00000000f8480000,0x0000000100000000)
 ParOldGen       total 384000K, used 243664K [0x00000000a0000000, 0x00000000b7700000, 0x00000000e0000000)
  object space 384000K, 63% used [0x00000000a0000000,0x00000000aedf4390,0x00000000b7700000)
 Metaspace       used 296439K, capacity 310622K, committed 311000K, reserved 1318912K
  class space    used 38010K, capacity 40829K, committed 40960K, reserved 1048576K
Event: 9081.081 GC heap after
Heap after GC invocations=75 (full 9):
 PSYoungGen      total 398848K, used 34141K [0x00000000e0000000, 0x00000000ffd80000, 0x0000000100000000)
  eden space 274944K, 0% used [0x00000000e0000000,0x00000000e0000000,0x00000000f0c80000)
  from space 123904K, 27% used [0x00000000f8480000,0x00000000fa5d7550,0x00000000ffd80000)
  to   space 122880K, 0% used [0x00000000f0c80000,0x00000000f0c80000,0x00000000f8480000)
 ParOldGen       total 384000K, used 268001K [0x00000000a0000000, 0x00000000b7700000, 0x00000000e0000000)
  object space 384000K, 69% used [0x00000000a0000000,0x00000000b05b8698,0x00000000b7700000)
 Metaspace       used 296439K, capacity 310622K, committed 311000K, reserved 1318912K
  class space    used 38010K, capacity 40829K, committed 40960K, reserved 1048576K
}
Event: 9146.696 GC heap before
{Heap before GC invocations=76 (full 9):
 PSYoungGen      total 398848K, used 309085K [0x00000000e0000000, 0x00000000ffd80000, 0x0000000100000000)
  eden space 274944K, 100% used [0x00000000e0000000,0x00000000f0c80000,0x00000000f0c80000)
  from space 123904K, 27% used [0x00000000f8480000,0x00000000fa5d7550,0x00000000ffd80000)
  to   space 122880K, 0% used [0x00000000f0c80000,0x00000000f0c80000,0x00000000f8480000)
 ParOldGen       total 384000K, used 268001K [0x00000000a0000000, 0x00000000b7700000, 0x00000000e0000000)
  object space 384000K, 69% used [0x00000000a0000000,0x00000000b05b8698,0x00000000b7700000)
 Metaspace       used 297584K, capacity 312296K, committed 312408K, reserved 1320960K
  class space    used 38162K, capacity 41064K, committed 41088K, reserved 1048576K
Event: 9146.939 GC heap after
Heap after GC invocations=76 (full 9):
 PSYoungGen      total 397824K, used 16061K [0x00000000e0000000, 0x00000000ffd00000, 0x0000000100000000)
  eden space 274944K, 0% used [0x00000000e0000000,0x00000000e0000000,0x00000000f0c80000)
  from space 122880K, 13% used [0x00000000f0c80000,0x00000000f1c2f4c8,0x00000000f8480000)
  to   space 121856K, 0% used [0x00000000f8600000,0x00000000f8600000,0x00000000ffd00000)
 ParOldGen       total 384000K, used 302142K [0x00000000a0000000, 0x00000000b7700000, 0x00000000e0000000)
  object space 384000K, 78% used [0x00000000a0000000,0x00000000b270f8b8,0x00000000b7700000)
 Metaspace       used 297584K, capacity 312296K, committed 312408K, reserved 1320960K
  class space    used 38162K, capacity 41064K, committed 41088K, reserved 1048576K
}
Event: 9151.306 GC heap before
{Heap before GC invocations=77 (full 9):
 PSYoungGen      total 397824K, used 291005K [0x00000000e0000000, 0x00000000ffd00000, 0x0000000100000000)
  eden space 274944K, 100% used [0x00000000e0000000,0x00000000f0c80000,0x00000000f0c80000)
  from space 122880K, 13% used [0x00000000f0c80000,0x00000000f1c2f4c8,0x00000000f8480000)
  to   space 121856K, 0% used [0x00000000f8600000,0x00000000f8600000,0x00000000ffd00000)
 ParOldGen       total 384000K, used 302142K [0x00000000a0000000, 0x00000000b7700000, 0x00000000e0000000)
  object space 384000K, 78% used [0x00000000a0000000,0x00000000b270f8b8,0x00000000b7700000)
 Metaspace       used 301294K, capacity 316140K, committed 316376K, reserved 1325056K
  class space    used 38646K, capacity 41618K, committed 41728K, reserved 1048576K
Event: 9151.548 GC heap after
Heap after GC invocations=77 (full 9):
 PSYoungGen      total 389120K, used 47914K [0x00000000e0000000, 0x00000000ff100000, 0x0000000100000000)
  eden space 279552K, 0% used [0x00000000e0000000,0x00000000e0000000,0x00000000f1100000)
  from space 109568K, 43% used [0x00000000f8600000,0x00000000fb4ca918,0x00000000ff100000)
  to   space 114688K, 0% used [0x00000000f1100000,0x00000000f1100000,0x00000000f8100000)
 ParOldGen       total 384000K, used 317178K [0x00000000a0000000, 0x00000000b7700000, 0x00000000e0000000)
  object space 384000K, 82% used [0x00000000a0000000,0x00000000b35beb80,0x00000000b7700000)
 Metaspace       used 301294K, capacity 316140K, committed 316376K, reserved 1325056K
  class space    used 38646K, capacity 41618K, committed 41728K, reserved 1048576K
}

